<?xml version="1.0" encoding="UTF-8"?>
<!-- Generated by org.testng.reporters.JUnitReportReporter -->
<testsuite skipped="0" hostname="DESKTOP-D40I0MG" name="com.zoho.crm.scripts.CommonDP.ProductsScript" tests="2" failures="0" timestamp="2020-06-04T12:08:59 IST" time="236.300" errors="0">
  <testcase name="login" time="43.102" classname="com.zoho.crm.scripts.CommonDP.ProductsScript"/>
  <system-out/>
  <testcase name="createProductsOrder" time="193.198" classname="com.zoho.crm.scripts.CommonDP.ProductsScript"/>
  <system-out/>
</testsuite> <!-- com.zoho.crm.scripts.CommonDP.ProductsScript -->
