<?xml version="1.0" encoding="UTF-8"?>
<!-- Generated by org.testng.reporters.JUnitReportReporter -->
<testsuite skipped="0" hostname="DESKTOP-D40I0MG" name="com.zoho.crm.scripts.PriceBookScript" tests="2" failures="0" timestamp="2020-05-31T14:21:47 IST" time="103.230" errors="0">
  <testcase name="login" time="44.179" classname="com.zoho.crm.scripts.PriceBookScript"/>
  <system-out/>
  <testcase name="createPriceBooks" time="59.051" classname="com.zoho.crm.scripts.PriceBookScript"/>
  <system-out>
Create New Price Book Handled  </system-out>
</testsuite> <!-- com.zoho.crm.scripts.PriceBookScript -->
