<?xml version="1.0" encoding="UTF-8"?>
<!-- Generated by org.testng.reporters.JUnitReportReporter -->
<testsuite skipped="0" hostname="DESKTOP-D40I0MG" name="com.zoho.crm.scripts.CommonDP.PurchaseOrdersScript" tests="2" failures="0" timestamp="2020-06-01T11:23:11 IST" time="153.257" errors="0">
  <testcase name="login" time="49.630" classname="com.zoho.crm.scripts.CommonDP.PurchaseOrdersScript"/>
  <system-out/>
  <testcase name="createPurchaseOrders" time="103.627" classname="com.zoho.crm.scripts.CommonDP.PurchaseOrdersScript"/>
  <system-out/>
</testsuite> <!-- com.zoho.crm.scripts.CommonDP.PurchaseOrdersScript -->
