<?xml version="1.0" encoding="UTF-8"?>
<!-- Generated by org.testng.reporters.JUnitReportReporter -->
<testsuite skipped="0" hostname="DESKTOP-D40I0MG" name="com.zoho.crm.scripts.DemoAssert" tests="1" failures="0" timestamp="2020-07-03T00:12:38 IST" time="0.023" errors="0">
  <testcase name="test1" time="0.023" classname="com.zoho.crm.scripts.DemoAssert"/>
  <system-out/>
</testsuite> <!-- com.zoho.crm.scripts.DemoAssert -->
