<?xml version="1.0" encoding="UTF-8"?>
<!-- Generated by org.testng.reporters.JUnitReportReporter -->
<testsuite skipped="0" hostname="DESKTOP-D40I0MG" name="com.zoho.crm.scripts.QuotesScript_New" tests="2" failures="0" timestamp="2020-05-31T12:53:06 IST" time="147.115" errors="0">
  <testcase name="login" time="44.370" classname="com.zoho.crm.scripts.QuotesScript_New"/>
  <system-out/>
  <testcase name="createQuote" time="102.745" classname="com.zoho.crm.scripts.QuotesScript_New"/>
  <system-out/>
</testsuite> <!-- com.zoho.crm.scripts.QuotesScript_New -->
