<?xml version="1.0" encoding="UTF-8"?>
<!-- Generated by org.testng.reporters.JUnitReportReporter -->
<testsuite skipped="0" hostname="DESKTOP-D40I0MG" name="com.zoho.crm.scripts.ExtentReportsDemo" tests="1" failures="0" timestamp="2020-05-26T20:10:16 IST" time="21.754" errors="0">
  <testcase name="set" time="21.754" classname="com.zoho.crm.scripts.ExtentReportsDemo"/>
  <system-out/>
</testsuite> <!-- com.zoho.crm.scripts.ExtentReportsDemo -->
