<?xml version="1.0" encoding="UTF-8"?>
<!-- Generated by org.testng.reporters.JUnitReportReporter -->
<testsuite skipped="0" hostname="DESKTOP-D40I0MG" name="com.zoho.crm.scripts.SalesOrdersScript" tests="2" failures="0" timestamp="2020-05-31T12:53:06 IST" time="137.700" errors="0">
  <testcase name="login" time="56.716" classname="com.zoho.crm.scripts.SalesOrdersScript"/>
  <system-out/>
  <testcase name="createSalesOrders" time="80.984" classname="com.zoho.crm.scripts.SalesOrdersScript"/>
  <system-out/>
</testsuite> <!-- com.zoho.crm.scripts.SalesOrdersScript -->
