<?xml version="1.0" encoding="UTF-8"?>
<!-- Generated by org.testng.reporters.JUnitReportReporter -->
<testsuite skipped="0" hostname="DESKTOP-D40I0MG" name="com.zoho.crm.scripts.PurchaseOrdersScript" tests="2" failures="0" timestamp="2020-05-29T11:17:06 IST" time="143.527" errors="0">
  <testcase name="login" time="43.565" classname="com.zoho.crm.scripts.PurchaseOrdersScript"/>
  <system-out/>
  <testcase name="createPurchaseOrders" time="99.962" classname="com.zoho.crm.scripts.PurchaseOrdersScript"/>
  <system-out/>
</testsuite> <!-- com.zoho.crm.scripts.PurchaseOrdersScript -->
