<?xml version="1.0" encoding="UTF-8"?>
<!-- Generated by org.testng.reporters.JUnitReportReporter -->
<testsuite skipped="0" hostname="DESKTOP-D40I0MG" name="com.zoho.crm.scripts.CommonDP.QuotesScript" tests="2" failures="0" timestamp="2020-06-01T11:23:11 IST" time="157.977" errors="0">
  <testcase name="login" time="49.030" classname="com.zoho.crm.scripts.CommonDP.QuotesScript"/>
  <system-out/>
  <testcase name="createQuote" time="108.947" classname="com.zoho.crm.scripts.CommonDP.QuotesScript"/>
  <system-out/>
</testsuite> <!-- com.zoho.crm.scripts.CommonDP.QuotesScript -->
