<?xml version="1.0" encoding="UTF-8"?>
<!-- Generated by org.testng.reporters.JUnitReportReporter -->
<testsuite skipped="0" hostname="DESKTOP-D40I0MG" name="com.zoho.crm.scripts.CommonDP.SalesOrdersScript" tests="2" failures="0" timestamp="2020-06-01T11:47:37 IST" time="133.569" errors="0">
  <testcase name="login" time="29.651" classname="com.zoho.crm.scripts.CommonDP.SalesOrdersScript"/>
  <system-out/>
  <testcase name="createSalesOrders" time="103.918" classname="com.zoho.crm.scripts.CommonDP.SalesOrdersScript"/>
  <system-out/>
</testsuite> <!-- com.zoho.crm.scripts.CommonDP.SalesOrdersScript -->
