<?xml version="1.0" encoding="UTF-8"?>
<!-- Generated by org.testng.reporters.JUnitReportReporter -->
<testsuite skipped="0" hostname="DESKTOP-D40I0MG" name="com.zoho.crm.scripts.CommonDP.PriceBookScript" tests="2" failures="0" timestamp="2020-06-01T11:23:11 IST" time="112.777" errors="0">
  <testcase name="login" time="47.918" classname="com.zoho.crm.scripts.CommonDP.PriceBookScript"/>
  <system-out/>
  <testcase name="createPriceBooks" time="64.859" classname="com.zoho.crm.scripts.CommonDP.PriceBookScript"/>
  <system-out>
Create New Price Book Handled  </system-out>
</testsuite> <!-- com.zoho.crm.scripts.CommonDP.PriceBookScript -->
