<?xml version="1.0" encoding="UTF-8"?>
<!-- Generated by org.testng.reporters.JUnitReportReporter -->
<testsuite skipped="0" hostname="DESKTOP-D40I0MG" name="com.zoho.crm.scripts.QuotesScript" tests="2" failures="0" timestamp="2020-05-29T09:00:33 IST" time="130.461" errors="0">
  <testcase name="login" time="39.466" classname="com.zoho.crm.scripts.QuotesScript"/>
  <system-out/>
  <testcase name="createQuote" time="90.995" classname="com.zoho.crm.scripts.QuotesScript"/>
  <system-out/>
</testsuite> <!-- com.zoho.crm.scripts.QuotesScript -->
