<?xml version="1.0" encoding="UTF-8"?>
<!-- Generated by org.testng.reporters.JUnitReportReporter -->
<testsuite skipped="0" hostname="DESKTOP-D40I0MG" name="com.zoho.crm.scripts.LoginScript" tests="1" failures="0" timestamp="2020-05-28T12:27:58 IST" time="80.571" errors="0">
  <testcase name="login" time="80.571" classname="com.zoho.crm.scripts.LoginScript"/>
  <system-out/>
</testsuite> <!-- com.zoho.crm.scripts.LoginScript -->
