<?xml version="1.0" encoding="UTF-8"?>
<!-- Generated by org.testng.reporters.JUnitReportReporter -->
<testsuite skipped="0" hostname="DESKTOP-D40I0MG" name="com.zoho.crm.scripts.CommonDP.ProductsScript" tests="2" failures="0" timestamp="2020-06-03T15:02:24 IST" time="236.983" errors="0">
  <testcase name="login" time="69.285" classname="com.zoho.crm.scripts.CommonDP.ProductsScript"/>
  <system-out/>
  <testcase name="createProductsOrder" time="167.698" classname="com.zoho.crm.scripts.CommonDP.ProductsScript"/>
  <system-out/>
</testsuite> <!-- com.zoho.crm.scripts.CommonDP.ProductsScript -->
