<?xml version="1.0" encoding="UTF-8"?>
<!-- Generated by org.testng.reporters.JUnitReportReporter -->
<testsuite skipped="0" hostname="DESKTOP-D40I0MG" name="com.zoho.crm.scripts.CommonDP.PurchaseOrdersScript" tests="2" failures="0" timestamp="2020-06-03T12:58:57 IST" time="171.106" errors="0">
  <testcase name="login" time="45.420" classname="com.zoho.crm.scripts.CommonDP.PurchaseOrdersScript"/>
  <system-out/>
  <testcase name="createPurchaseOrders" time="125.686" classname="com.zoho.crm.scripts.CommonDP.PurchaseOrdersScript"/>
  <system-out/>
</testsuite> <!-- com.zoho.crm.scripts.CommonDP.PurchaseOrdersScript -->
